<?xml version="1.0" encoding="UTF-8"?>
<!-- Generated by org.testng.reporters.JUnitReportReporter -->
<testsuite hostname="RS" failures="0" tests="1" name="org.test.InsureMeTest.AppTest" time="0.024" errors="0" timestamp="24 Nov 2023 12:02:26 GMT" skipped="0">
  <testcase classname="org.test.InsureMeTest.AppTest" name="shouldAnswerWithTrue" time="0.024"/>
</testsuite> <!-- org.test.InsureMeTest.AppTest -->
